<?xml version="1.0" encoding="UTF-8"?>
<!-- Generated by org.testng.reporters.JUnitReportReporter -->
<testsuite hostname="DESKTOP-6SQHPST" failures="0" tests="2" name="TestFramework.Tests.ErrorValidation" time="9.513" errors="0" timestamp="2025-03-10T19:14:45 IST" skipped="0">
  <testcase classname="TestFramework.Tests.ErrorValidation" name="loginError" time="3.304"/>
  <testcase classname="TestFramework.Tests.ErrorValidation" name="SubmitOrdValidationError" time="6.209"/>
</testsuite> <!-- TestFramework.Tests.ErrorValidation -->
