<?xml version="1.0" encoding="UTF-8"?>
<!-- Generated by org.testng.reporters.JUnitReportReporter -->
<testsuite hostname="DESKTOP-6SQHPST" failures="0" tests="4" name="TestFramework.Tests.PlaceOrdderTest" time="20.312" errors="0" timestamp="2025-03-10T19:14:08 IST" skipped="0">
  <testcase classname="TestFramework.Tests.PlaceOrdderTest" name="SubmitOrd" time="7.753"/>
  <testcase classname="TestFramework.Tests.PlaceOrdderTest" name="orderVerification" time="2.827"/>
  <testcase classname="TestFramework.Tests.PlaceOrdderTest" name="SubmitOrd" time="6.352"/>
  <testcase classname="TestFramework.Tests.PlaceOrdderTest" name="orderVerification" time="3.380"/>
</testsuite> <!-- TestFramework.Tests.PlaceOrdderTest -->
